<?xml version="1.0" encoding="UTF-8"?>
<!-- Generated by org.testng.reporters.JUnitXMLReporter -->
<testsuite ignored="0" hostname="sanjay" failures="0" tests="3" name="Smoke Test" time="356.51" errors="0" timestamp="2026-08-19T16:05:10 IST">
  <testcase classname="package1.PharmacyApplication.TC1_LoginToAmazon" name="withValidCred" time="104.599"/>
  <testcase classname="package1.PharmacyApplication.TC2_LoginToAmazonAndLogout" name="withValidCredLogout" time="79.293">
    <skipped/>
  </testcase> <!-- withValidCredLogout -->
  <testcase classname="package1.PharmacyApplication.TC2_LoginToAmazonAndLogout" name="withValidCredLogout" time="127.446"/>
</testsuite> <!-- Smoke Test -->
