<?xml version="1.0" encoding="UTF-8"?>
<!-- Generated by org.testng.reporters.JUnitXMLReporter -->
<testsuite ignored="0" hostname="sanjay" failures="0" tests="2" name="Edge Test" time="80.253" errors="0" timestamp="2026-08-23T20:17:17 IST">
  <testcase classname="package1.PharmacyApplication.TC1_LoginToAmazon" name="withValidCred" time="19.586"/>
  <testcase classname="package1.PharmacyApplication.TC2_LoginToAmazonAndLogout" name="withValidCredLogout" time="35.12"/>
</testsuite> <!-- Edge Test -->
