<?xml version="1.0" encoding="UTF-8"?>
<!-- Generated by org.testng.reporters.JUnitXMLReporter -->
<testsuite ignored="0" hostname="sanjay" failures="0" tests="2" name="Chrome Test" time="66.945" errors="0" timestamp="2026-08-23T20:14:03 IST">
  <testcase classname="package1.PharmacyApplication.TC1_LoginToAmazon" name="withValidCred" time="20.423"/>
  <testcase classname="package1.PharmacyApplication.TC2_LoginToAmazonAndLogout" name="withValidCredLogout" time="27.589"/>
</testsuite> <!-- Chrome Test -->
