<?xml version="1.0" encoding="UTF-8"?>
<!-- Generated by org.testng.reporters.JUnitXMLReporter -->
<testsuite ignored="0" hostname="sanjay" failures="0" tests="2" name="Firefox Test" time="113.459" errors="0" timestamp="2026-08-23T20:15:56 IST">
  <testcase classname="package1.PharmacyApplication.TC1_LoginToAmazon" name="withValidCred" time="24.405"/>
  <testcase classname="package1.PharmacyApplication.TC2_LoginToAmazonAndLogout" name="withValidCredLogout" time="27.679"/>
</testsuite> <!-- Firefox Test -->
