<?xml version="1.0" encoding="UTF-8"?>
<!-- Generated by org.testng.reporters.JUnitXMLReporter -->
<testsuite ignored="0" hostname="sanjay" failures="0" tests="3" name="Smoke Test" time="371.92" errors="0" timestamp="2026-08-20T14:53:43 IST">
  <testcase classname="package1.PharmacyApplication.TC1_LoginToAmazon" name="withValidCred" time="45.49">
    <skipped/>
  </testcase> <!-- withValidCred -->
  <testcase classname="package1.PharmacyApplication.TC1_LoginToAmazon" name="withValidCred" time="99.675"/>
  <testcase classname="package1.PharmacyApplication.TC2_LoginToAmazonAndLogout" name="withValidCredLogout" time="115.678"/>
</testsuite> <!-- Smoke Test -->
