<?xml version="1.0" encoding="UTF-8"?>
<!-- Generated by org.testng.reporters.JUnitReportReporter -->
<testsuite hostname="sanjay" failures="0" tests="3" name="package1.PharmacyApplication.TC1_LoginToAmazon" time="165.783" errors="0" timestamp="2026-08-20T18:14:54 IST" skipped="0">
  <testcase classname="package1.PharmacyApplication.TC1_LoginToAmazon" name="withValidCred" time="102.513">
    <system-out>
      <![CDATA[browser and url launched successfully
Hoverover on Account and List is successful
click on signin is successful
Email_id is successfully entered
password is  successfully entered
login is successfully done
TestCase is pass]]>
    </system-out>
  </testcase> <!-- withValidCred -->
  <testcase classname="package1.PharmacyApplication.TC1_LoginToAmazon" name="withValidCred" time="26.462">
    <system-out>
      <![CDATA[browser and url launched successfully
Hoverover on Account and List is successful
click on signin is successful
Email_id is successfully entered
password is  successfully entered
login is successfully done
TestCase is pass]]>
    </system-out>
  </testcase> <!-- withValidCred -->
  <testcase classname="package1.PharmacyApplication.TC1_LoginToAmazon" name="withValidCred" time="36.808">
    <system-out>
      <![CDATA[browser and url launched successfully
Hoverover on Account and List is successful
click on signin is successful
Email_id is successfully entered
password is  successfully entered
login is successfully done
TestCase is pass]]>
    </system-out>
  </testcase> <!-- withValidCred -->
  <system-out>
    <![CDATA[browser and url launched successfully
Hoverover on Account and List is successful
click on signin is successful
Email_id is successfully entered
password is  successfully entered
login is successfully done
TestCase is pass
browser and url launched successfully
Hoverover on Account and List is successful
click on signin is successful
Email_id is successfully entered
password is  successfully entered
login is successfully done
Hoverover on Account and List is successful
click on signOut is  successful
TestCase is pass
browser and url launched successfully
Hoverover on Account and List is successful
click on signin is successful
Email_id is successfully entered
password is  successfully entered
login is successfully done
TestCase is pass
browser and url launched successfully
Hoverover on Account and List is successful
click on signin is successful
Email_id is successfully entered
password is  successfully entered
login is successfully done
browser and url launched successfully
Hoverover on Account and List is successful
click on signin is successful
Email_id is successfully entered
password is  successfully entered
login is successfully done
Hoverover on Account and List is successful
click on signOut is  successful
TestCase is pass
browser and url launched successfully
Hoverover on Account and List is successful
click on signin is successful
Email_id is successfully entered
password is  successfully entered
login is successfully done
TestCase is pass
browser and url launched successfully
Hoverover on Account and List is successful
click on signin is successful
Email_id is successfully entered
password is  successfully entered
login is successfully done
Hoverover on Account and List is successful
click on signOut is  successful
TestCase is pass]]>
  </system-out>
</testsuite> <!-- package1.PharmacyApplication.TC1_LoginToAmazon -->
