<?xml version="1.0" encoding="UTF-8"?>
<!-- Generated by org.testng.reporters.JUnitXMLReporter -->
<testsuite ignored="0" hostname="sanjay" failures="1" tests="3" name="Firefox Test" time="125.01" errors="0" timestamp="2026-08-23T19:49:42 IST">
  <testcase classname="package1.PharmacyApplication.TC1_LoginToAmazon" name="withValidCred" time="22.876">
    <skipped/>
  </testcase> <!-- withValidCred -->
  <testcase classname="package1.PharmacyApplication.TC1_LoginToAmazon" name="withValidCred" time="21.15">
    <failure type="java.lang.NullPointerException" message="Cannot invoke &amp;quot;org.openqa.selenium.WebDriver.getClass()&amp;quot; because &amp;quot;exceptionDriver&amp;quot; is null">
      <![CDATA[java.lang.NullPointerException: Cannot invoke "org.openqa.selenium.WebDriver.getClass()" because "exceptionDriver" is null
at org.openqa.selenium.support.ui.WebDriverWait.timeoutException(WebDriverWait.java:86)
at org.openqa.selenium.support.ui.FluentWait.until(FluentWait.java:234)
at package1.PharmacyApplication.HomePage.clickOnsignin(HomePage.java:38)
at package1.PharmacyApplication.TC1_LoginToAmazon.withValidCred(TC1_LoginToAmazon.java:22)
at java.base/java.util.ArrayList.forEach(ArrayList.java:1596)
... Removed 25 stack frames]]>
    </failure>
  </testcase> <!-- withValidCred -->
  <testcase classname="package1.PharmacyApplication.TC2_LoginToAmazonAndLogout" name="withValidCredLogout" time="0.002">
    <skipped/>
  </testcase> <!-- withValidCredLogout -->
</testsuite> <!-- Firefox Test -->
