<?xml version="1.0" encoding="UTF-8"?>
<testsuite xmlns:xsi="http://www.w3.org/2001/XMLSchema-instance" xsi:noNamespaceSchemaLocation="https://maven.apache.org/surefire/maven-surefire-plugin/xsd/surefire-test-report.xsd" version="3.0.2" name="TestSuite" time="264.249" tests="6" errors="0" skipped="0" failures="0">
  <properties>
[...]
</properties>
  <testcase name="withValidCred" classname="package1.PharmacyApplication.TC1_LoginToAmazon" time="20.476">
    <system-err><![CDATA[SLF4J: Failed to load class "org.slf4j.impl.StaticLoggerBinder".
SLF4J: Defaulting to no-operation (NOP) logger implementation
SLF4J: See http://www.slf4j.org/codes.html#StaticLoggerBinder for further details.
Aug 23, 2026 8:13:01 PM org.openqa.selenium.devtools.CdpVersionFinder findNearestMatch
WARNING: Unable to find an exact match for CDP version 151, returning the closest version; found: 147; Please update to a Selenium version that supports CDP version 151
]]></system-err>
  </testcase>
  <testcase name="withValidCred" classname="package1.PharmacyApplication.TC1_LoginToAmazon" time="24.43">
    <system-out><![CDATA[1787496241137
Sun Aug 23 20:14:01 IST 2026
23Aug2026
]]></system-out>
  </testcase>
  <testcase name="withValidCred" classname="package1.PharmacyApplication.TC1_LoginToAmazon" time="19.574">
    <system-out><![CDATA[1787496354647
Sun Aug 23 20:15:54 IST 2026
23Aug2026
]]></system-out>
    <system-err><![CDATA[Aug 23, 2026 8:16:02 PM org.openqa.selenium.devtools.CdpVersionFinder findNearestMatch
WARNING: Unable to find an exact match for CDP version 151, returning the closest version; found: 147; Please update to a Selenium version that supports CDP version 151
]]></system-err>
  </testcase>
  <testcase name="withValidCredLogout" classname="package1.PharmacyApplication.TC2_LoginToAmazonAndLogout" time="27.588">
    <system-out><![CDATA[1787496203919
Sun Aug 23 20:13:23 IST 2026
23Aug2026
]]></system-out>
    <system-err><![CDATA[Aug 23, 2026 8:13:31 PM org.openqa.selenium.devtools.CdpVersionFinder findNearestMatch
WARNING: Unable to find an exact match for CDP version 151, returning the closest version; found: 147; Please update to a Selenium version that supports CDP version 151
]]></system-err>
  </testcase>
  <testcase name="withValidCredLogout" classname="package1.PharmacyApplication.TC2_LoginToAmazonAndLogout" time="27.682">
    <system-out><![CDATA[1787496293845
Sun Aug 23 20:14:53 IST 2026
23Aug2026
]]></system-out>
  </testcase>
  <testcase name="withValidCredLogout" classname="package1.PharmacyApplication.TC2_LoginToAmazonAndLogout" time="35.117">
    <system-out><![CDATA[1787496383829
Sun Aug 23 20:16:23 IST 2026
23Aug2026
]]></system-out>
    <system-err><![CDATA[Aug 23, 2026 8:16:34 PM org.openqa.selenium.devtools.CdpVersionFinder findNearestMatch
WARNING: Unable to find an exact match for CDP version 151, returning the closest version; found: 147; Please update to a Selenium version that supports CDP version 151
]]></system-err>
  </testcase>
</testsuite>