<?xml version="1.0" encoding="UTF-8"?>
<testng-results ignored="0" total="6" passed="6" failed="0" skipped="0">
  <reporter-output>
    <line>
      <![CDATA[browser and url launched successfully]]>
    </line>
    <line>
      <![CDATA[Hoverover on Account and List is successful]]>
    </line>
    <line>
      <![CDATA[click on signin is successful]]>
    </line>
    <line>
      <![CDATA[Email_id is successfully entered]]>
    </line>
    <line>
      <![CDATA[password is  successfully entered]]>
    </line>
    <line>
      <![CDATA[login is successfully done]]>
    </line>
    <line>
      <![CDATA[TestCase is pass]]>
    </line>
    <line>
      <![CDATA[browser and url launched successfully]]>
    </line>
    <line>
      <![CDATA[Hoverover on Account and List is successful]]>
    </line>
    <line>
      <![CDATA[click on signin is successful]]>
    </line>
    <line>
      <![CDATA[Email_id is successfully entered]]>
    </line>
    <line>
      <![CDATA[password is  successfully entered]]>
    </line>
    <line>
      <![CDATA[login is successfully done]]>
    </line>
    <line>
      <![CDATA[Hoverover on Account and List is successful]]>
    </line>
    <line>
      <![CDATA[click on signOut is  successful]]>
    </line>
    <line>
      <![CDATA[TestCase is pass]]>
    </line>
    <line>
      <![CDATA[browser and url launched successfully]]>
    </line>
    <line>
      <![CDATA[Hoverover on Account and List is successful]]>
    </line>
    <line>
      <![CDATA[click on signin is successful]]>
    </line>
    <line>
      <![CDATA[Email_id is successfully entered]]>
    </line>
    <line>
      <![CDATA[password is  successfully entered]]>
    </line>
    <line>
      <![CDATA[login is successfully done]]>
    </line>
    <line>
      <![CDATA[TestCase is pass]]>
    </line>
    <line>
      <![CDATA[browser and url launched successfully]]>
    </line>
    <line>
      <![CDATA[Hoverover on Account and List is successful]]>
    </line>
    <line>
      <![CDATA[click on signin is successful]]>
    </line>
    <line>
      <![CDATA[Email_id is successfully entered]]>
    </line>
    <line>
      <![CDATA[password is  successfully entered]]>
    </line>
    <line>
      <![CDATA[login is successfully done]]>
    </line>
    <line>
      <![CDATA[Hoverover on Account and List is successful]]>
    </line>
    <line>
      <![CDATA[click on signOut is  successful]]>
    </line>
    <line>
      <![CDATA[TestCase is pass]]>
    </line>
    <line>
      <![CDATA[browser and url launched successfully]]>
    </line>
    <line>
      <![CDATA[Hoverover on Account and List is successful]]>
    </line>
    <line>
      <![CDATA[click on signin is successful]]>
    </line>
    <line>
      <![CDATA[Email_id is successfully entered]]>
    </line>
    <line>
      <![CDATA[password is  successfully entered]]>
    </line>
    <line>
      <![CDATA[login is successfully done]]>
    </line>
    <line>
      <![CDATA[TestCase is pass]]>
    </line>
    <line>
      <![CDATA[browser and url launched successfully]]>
    </line>
    <line>
      <![CDATA[Hoverover on Account and List is successful]]>
    </line>
    <line>
      <![CDATA[click on signin is successful]]>
    </line>
    <line>
      <![CDATA[Email_id is successfully entered]]>
    </line>
    <line>
      <![CDATA[password is  successfully entered]]>
    </line>
    <line>
      <![CDATA[login is successfully done]]>
    </line>
    <line>
      <![CDATA[Hoverover on Account and List is successful]]>
    </line>
    <line>
      <![CDATA[click on signOut is  successful]]>
    </line>
    <line>
      <![CDATA[TestCase is pass]]>
    </line>
  </reporter-output>
  <suite started-at="2026-08-23T20:12:56 IST" name="Testing Smoke Scenerios" finished-at="2026-08-23T20:17:17 IST" duration-ms="260784">
    <groups>
    </groups>
    <test started-at="2026-08-23T20:12:56 IST" name="Chrome Test" finished-at="2026-08-23T20:14:03 IST" duration-ms="66945">
      <class name="package1.PharmacyApplication.TC2_LoginToAmazonAndLogout">
        <test-method is-config="true" signature="launch(java.lang.String)[pri:0, instance:package1.PharmacyApplication.TC2_LoginToAmazonAndLogout@245b4bdc]" started-at="2026-08-23T20:13:26 IST" name="launch" finished-at="2026-08-23T20:13:33 IST" duration-ms="6701" status="PASS">
          <params>
            <param index="0">
              <value>
                <![CDATA[chrome]]>
              </value>
            </param>
          </params>
          <reporter-output>
          </reporter-output>
        </test-method> <!-- launch -->
        <test-method signature="withValidCredLogout()[pri:0, instance:package1.PharmacyApplication.TC2_LoginToAmazonAndLogout@245b4bdc]" started-at="2026-08-23T20:13:33 IST" name="withValidCredLogout" finished-at="2026-08-23T20:14:01 IST" duration-ms="27589" status="PASS">
          <reporter-output>
            <line>
              <![CDATA[browser and url launched successfully]]>
            </line>
            <line>
              <![CDATA[Hoverover on Account and List is successful]]>
            </line>
            <line>
              <![CDATA[click on signin is successful]]>
            </line>
            <line>
              <![CDATA[Email_id is successfully entered]]>
            </line>
            <line>
              <![CDATA[password is  successfully entered]]>
            </line>
            <line>
              <![CDATA[login is successfully done]]>
            </line>
            <line>
              <![CDATA[Hoverover on Account and List is successful]]>
            </line>
            <line>
              <![CDATA[click on signOut is  successful]]>
            </line>
            <line>
              <![CDATA[TestCase is pass]]>
            </line>
          </reporter-output>
        </test-method> <!-- withValidCredLogout -->
        <test-method is-config="true" signature="quit()[pri:0, instance:package1.PharmacyApplication.TC2_LoginToAmazonAndLogout@245b4bdc]" started-at="2026-08-23T20:14:01 IST" name="quit" finished-at="2026-08-23T20:14:03 IST" duration-ms="2014" status="PASS">
          <reporter-output>
          </reporter-output>
        </test-method> <!-- quit -->
      </class> <!-- package1.PharmacyApplication.TC2_LoginToAmazonAndLogout -->
      <class name="package1.PharmacyApplication.TC1_LoginToAmazon">
        <test-method is-config="true" signature="launch(java.lang.String)[pri:0, instance:package1.PharmacyApplication.TC1_LoginToAmazon@402bba4f]" started-at="2026-08-23T20:12:56 IST" name="launch" finished-at="2026-08-23T20:13:03 IST" duration-ms="6861" status="PASS">
          <params>
            <param index="0">
              <value>
                <![CDATA[chrome]]>
              </value>
            </param>
          </params>
          <reporter-output>
          </reporter-output>
        </test-method> <!-- launch -->
        <test-method signature="withValidCred()[pri:0, instance:package1.PharmacyApplication.TC1_LoginToAmazon@402bba4f]" started-at="2026-08-23T20:13:03 IST" name="withValidCred" finished-at="2026-08-23T20:13:23 IST" duration-ms="20423" status="PASS">
          <reporter-output>
            <line>
              <![CDATA[browser and url launched successfully]]>
            </line>
            <line>
              <![CDATA[Hoverover on Account and List is successful]]>
            </line>
            <line>
              <![CDATA[click on signin is successful]]>
            </line>
            <line>
              <![CDATA[Email_id is successfully entered]]>
            </line>
            <line>
              <![CDATA[password is  successfully entered]]>
            </line>
            <line>
              <![CDATA[login is successfully done]]>
            </line>
            <line>
              <![CDATA[TestCase is pass]]>
            </line>
          </reporter-output>
        </test-method> <!-- withValidCred -->
        <test-method is-config="true" signature="quit()[pri:0, instance:package1.PharmacyApplication.TC1_LoginToAmazon@402bba4f]" started-at="2026-08-23T20:13:24 IST" name="quit" finished-at="2026-08-23T20:13:26 IST" duration-ms="2005" status="PASS">
          <reporter-output>
          </reporter-output>
        </test-method> <!-- quit -->
      </class> <!-- package1.PharmacyApplication.TC1_LoginToAmazon -->
    </test> <!-- Chrome Test -->
    <test started-at="2026-08-23T20:14:03 IST" name="Firefox Test" finished-at="2026-08-23T20:15:56 IST" duration-ms="113459">
      <class name="package1.PharmacyApplication.TC2_LoginToAmazonAndLogout">
        <test-method is-config="true" signature="launch(java.lang.String)[pri:0, instance:package1.PharmacyApplication.TC2_LoginToAmazonAndLogout@18078bef]" started-at="2026-08-23T20:14:57 IST" name="launch" finished-at="2026-08-23T20:15:26 IST" duration-ms="29469" status="PASS">
          <params>
            <param index="0">
              <value>
                <![CDATA[Firefox]]>
              </value>
            </param>
          </params>
          <reporter-output>
          </reporter-output>
        </test-method> <!-- launch -->
        <test-method signature="withValidCredLogout()[pri:0, instance:package1.PharmacyApplication.TC2_LoginToAmazonAndLogout@18078bef]" started-at="2026-08-23T20:15:26 IST" name="withValidCredLogout" finished-at="2026-08-23T20:15:54 IST" duration-ms="27679" status="PASS">
          <reporter-output>
            <line>
              <![CDATA[browser and url launched successfully]]>
            </line>
            <line>
              <![CDATA[Hoverover on Account and List is successful]]>
            </line>
            <line>
              <![CDATA[click on signin is successful]]>
            </line>
            <line>
              <![CDATA[Email_id is successfully entered]]>
            </line>
            <line>
              <![CDATA[password is  successfully entered]]>
            </line>
            <line>
              <![CDATA[login is successfully done]]>
            </line>
            <line>
              <![CDATA[Hoverover on Account and List is successful]]>
            </line>
            <line>
              <![CDATA[click on signOut is  successful]]>
            </line>
            <line>
              <![CDATA[TestCase is pass]]>
            </line>
          </reporter-output>
        </test-method> <!-- withValidCredLogout -->
        <test-method is-config="true" signature="quit()[pri:0, instance:package1.PharmacyApplication.TC2_LoginToAmazonAndLogout@18078bef]" started-at="2026-08-23T20:15:54 IST" name="quit" finished-at="2026-08-23T20:15:56 IST" duration-ms="2012" status="PASS">
          <reporter-output>
          </reporter-output>
        </test-method> <!-- quit -->
      </class> <!-- package1.PharmacyApplication.TC2_LoginToAmazonAndLogout -->
      <class name="package1.PharmacyApplication.TC1_LoginToAmazon">
        <test-method is-config="true" signature="launch(java.lang.String)[pri:0, instance:package1.PharmacyApplication.TC1_LoginToAmazon@689604d9]" started-at="2026-08-23T20:14:03 IST" name="launch" finished-at="2026-08-23T20:14:29 IST" duration-ms="25904" status="PASS">
          <params>
            <param index="0">
              <value>
                <![CDATA[Firefox]]>
              </value>
            </param>
          </params>
          <reporter-output>
          </reporter-output>
        </test-method> <!-- launch -->
        <test-method signature="withValidCred()[pri:0, instance:package1.PharmacyApplication.TC1_LoginToAmazon@689604d9]" started-at="2026-08-23T20:14:29 IST" name="withValidCred" finished-at="2026-08-23T20:14:53 IST" duration-ms="24405" status="PASS">
          <reporter-output>
            <line>
              <![CDATA[browser and url launched successfully]]>
            </line>
            <line>
              <![CDATA[Hoverover on Account and List is successful]]>
            </line>
            <line>
              <![CDATA[click on signin is successful]]>
            </line>
            <line>
              <![CDATA[Email_id is successfully entered]]>
            </line>
            <line>
              <![CDATA[password is  successfully entered]]>
            </line>
            <line>
              <![CDATA[login is successfully done]]>
            </line>
            <line>
              <![CDATA[TestCase is pass]]>
            </line>
          </reporter-output>
        </test-method> <!-- withValidCred -->
        <test-method is-config="true" signature="quit()[pri:0, instance:package1.PharmacyApplication.TC1_LoginToAmazon@689604d9]" started-at="2026-08-23T20:14:55 IST" name="quit" finished-at="2026-08-23T20:14:57 IST" duration-ms="2034" status="PASS">
          <reporter-output>
          </reporter-output>
        </test-method> <!-- quit -->
      </class> <!-- package1.PharmacyApplication.TC1_LoginToAmazon -->
    </test> <!-- Firefox Test -->
    <test started-at="2026-08-23T20:15:56 IST" name="Edge Test" finished-at="2026-08-23T20:17:17 IST" duration-ms="80253">
      <class name="package1.PharmacyApplication.TC2_LoginToAmazonAndLogout">
        <test-method is-config="true" signature="launch(java.lang.String)[pri:0, instance:package1.PharmacyApplication.TC2_LoginToAmazonAndLogout@145f66e3]" started-at="2026-08-23T20:16:26 IST" name="launch" finished-at="2026-08-23T20:16:39 IST" duration-ms="12991" status="PASS">
          <params>
            <param index="0">
              <value>
                <![CDATA[Edge]]>
              </value>
            </param>
          </params>
          <reporter-output>
          </reporter-output>
        </test-method> <!-- launch -->
        <test-method signature="withValidCredLogout()[pri:0, instance:package1.PharmacyApplication.TC2_LoginToAmazonAndLogout@145f66e3]" started-at="2026-08-23T20:16:39 IST" name="withValidCredLogout" finished-at="2026-08-23T20:17:14 IST" duration-ms="35120" status="PASS">
          <reporter-output>
            <line>
              <![CDATA[browser and url launched successfully]]>
            </line>
            <line>
              <![CDATA[Hoverover on Account and List is successful]]>
            </line>
            <line>
              <![CDATA[click on signin is successful]]>
            </line>
            <line>
              <![CDATA[Email_id is successfully entered]]>
            </line>
            <line>
              <![CDATA[password is  successfully entered]]>
            </line>
            <line>
              <![CDATA[login is successfully done]]>
            </line>
            <line>
              <![CDATA[Hoverover on Account and List is successful]]>
            </line>
            <line>
              <![CDATA[click on signOut is  successful]]>
            </line>
            <line>
              <![CDATA[TestCase is pass]]>
            </line>
          </reporter-output>
        </test-method> <!-- withValidCredLogout -->
        <test-method is-config="true" signature="quit()[pri:0, instance:package1.PharmacyApplication.TC2_LoginToAmazonAndLogout@145f66e3]" started-at="2026-08-23T20:17:15 IST" name="quit" finished-at="2026-08-23T20:17:17 IST" duration-ms="2030" status="PASS">
          <reporter-output>
          </reporter-output>
        </test-method> <!-- quit -->
      </class> <!-- package1.PharmacyApplication.TC2_LoginToAmazonAndLogout -->
      <class name="package1.PharmacyApplication.TC1_LoginToAmazon">
        <test-method is-config="true" signature="launch(java.lang.String)[pri:0, instance:package1.PharmacyApplication.TC1_LoginToAmazon@4c371370]" started-at="2026-08-23T20:15:56 IST" name="launch" finished-at="2026-08-23T20:16:04 IST" duration-ms="7260" status="PASS">
          <params>
            <param index="0">
              <value>
                <![CDATA[Edge]]>
              </value>
            </param>
          </params>
          <reporter-output>
          </reporter-output>
        </test-method> <!-- launch -->
        <test-method signature="withValidCred()[pri:0, instance:package1.PharmacyApplication.TC1_LoginToAmazon@4c371370]" started-at="2026-08-23T20:16:04 IST" name="withValidCred" finished-at="2026-08-23T20:16:23 IST" duration-ms="19586" status="PASS">
          <reporter-output>
            <line>
              <![CDATA[browser and url launched successfully]]>
            </line>
            <line>
              <![CDATA[Hoverover on Account and List is successful]]>
            </line>
            <line>
              <![CDATA[click on signin is successful]]>
            </line>
            <line>
              <![CDATA[Email_id is successfully entered]]>
            </line>
            <line>
              <![CDATA[password is  successfully entered]]>
            </line>
            <line>
              <![CDATA[login is successfully done]]>
            </line>
            <line>
              <![CDATA[TestCase is pass]]>
            </line>
          </reporter-output>
        </test-method> <!-- withValidCred -->
        <test-method is-config="true" signature="quit()[pri:0, instance:package1.PharmacyApplication.TC1_LoginToAmazon@4c371370]" started-at="2026-08-23T20:16:24 IST" name="quit" finished-at="2026-08-23T20:16:26 IST" duration-ms="2012" status="PASS">
          <reporter-output>
          </reporter-output>
        </test-method> <!-- quit -->
      </class> <!-- package1.PharmacyApplication.TC1_LoginToAmazon -->
    </test> <!-- Edge Test -->
  </suite> <!-- Testing Smoke Scenerios -->
</testng-results>
